[ 2024-07-27T18:12:27+08:00 ][ info ] [ BEHAVIOR ] Run Closure @app_init [ RunTime:0.000122s ]
[ info ] [ LOG ] INIT File
info
[ 2024-07-27T18:12:27+08:00 ][ info ] [ CACHE ] INIT File
info
[ 2024-07-27T18:12:27+08:00 ][ info ] [ BEHAVIOR ] Run Closure @app_init [ RunTime:0.003182s ]
info
[ 2024-07-27T18:12:27+08:00 ][ info ] [ BEHAVIOR ] Run app\common\behavior\Common @app_init [ RunTime:0.001229s ]
info
[ 2024-07-27T18:16:30+08:00 ][ info ] [ BEHAVIOR ] Run Closure @app_init [ RunTime:0.000130s ]
[ info ] [ LOG ] INIT File
info
[ 2024-07-27T18:16:30+08:00 ][ info ] [ CACHE ] INIT File
info
[ 2024-07-27T18:16:30+08:00 ][ info ] [ BEHAVIOR ] Run Closure @app_init [ RunTime:0.002811s ]
info
[ 2024-07-27T18:16:30+08:00 ][ info ] [ BEHAVIOR ] Run app\common\behavior\Common @app_init [ RunTime:0.001200s ]
info
[ 2024-07-27T18:16:49+08:00 ][ info ] [ BEHAVIOR ] Run Closure @app_init [ RunTime:0.000108s ]
[ info ] [ LOG ] INIT File
info
[ 2024-07-27T18:16:49+08:00 ][ info ] [ CACHE ] INIT File
info
[ 2024-07-27T18:16:49+08:00 ][ info ] [ BEHAVIOR ] Run Closure @app_init [ RunTime:0.002744s ]
info
[ 2024-07-27T18:16:49+08:00 ][ info ] [ BEHAVIOR ] Run app\common\behavior\Common @app_init [ RunTime:0.001586s ]
info
[ 2024-07-27T18:16:49+08:00 ][ info ] [ DB ] INIT mysql
info
[ 2024-07-27T18:17:12+08:00 ][ info ] [ BEHAVIOR ] Run Closure @app_init [ RunTime:0.000104s ]
[ info ] [ LOG ] INIT File
info
[ 2024-07-27T18:17:12+08:00 ][ info ] [ CACHE ] INIT File
info
[ 2024-07-27T18:17:12+08:00 ][ info ] [ BEHAVIOR ] Run Closure @app_init [ RunTime:0.002742s ]
info
[ 2024-07-27T18:17:12+08:00 ][ info ] [ BEHAVIOR ] Run app\common\behavior\Common @app_init [ RunTime:0.001134s ]
info
[ 2024-07-27T18:17:12+08:00 ][ info ] [ DB ] INIT mysql
info
[ 2024-07-27T18:17:32+08:00 ][ info ] [ BEHAVIOR ] Run Closure @app_init [ RunTime:0.000109s ]
[ info ] [ LOG ] INIT File
info
[ 2024-07-27T18:17:32+08:00 ][ info ] [ CACHE ] INIT File
info
[ 2024-07-27T18:17:32+08:00 ][ info ] [ BEHAVIOR ] Run Closure @app_init [ RunTime:0.002256s ]
info
[ 2024-07-27T18:17:32+08:00 ][ info ] [ BEHAVIOR ] Run app\common\behavior\Common @app_init [ RunTime:0.000859s ]
info
[ 2024-07-27T18:17:32+08:00 ][ info ] [ DB ] INIT mysql
info
[ 2024-07-27T18:17:32+08:00 ][ info ] [ BEHAVIOR ] Run Closure @app_init [ RunTime:0.000102s ]
[ info ] [ LOG ] INIT File
info
[ 2024-07-27T18:17:32+08:00 ][ info ] [ CACHE ] INIT File
info
[ 2024-07-27T18:17:32+08:00 ][ info ] [ BEHAVIOR ] Run Closure @app_init [ RunTime:0.002081s ]
info
[ 2024-07-27T18:17:32+08:00 ][ info ] [ BEHAVIOR ] Run app\common\behavior\Common @app_init [ RunTime:0.000777s ]
info
[ 2024-07-27T18:17:32+08:00 ][ info ] [ DB ] INIT mysql
info
[ 2024-07-27T18:17:32+08:00 ][ info ] [ LANG ] D:\php\xp\phpstudy_pro\WWW\chigua.cc\application\admin\lang/zh-cn.php
info
[ 2024-07-27T18:19:17+08:00 ][ info ] [ BEHAVIOR ] Run Closure @app_init [ RunTime:0.000107s ]
[ info ] [ LOG ] INIT File
info
[ 2024-07-27T18:19:17+08:00 ][ info ] [ CACHE ] INIT File
info
[ 2024-07-27T18:19:17+08:00 ][ info ] [ BEHAVIOR ] Run Closure @app_init [ RunTime:0.002646s ]
info
[ 2024-07-27T18:19:17+08:00 ][ info ] [ BEHAVIOR ] Run app\common\behavior\Common @app_init [ RunTime:0.000976s ]
info
[ 2024-07-27T18:19:17+08:00 ][ info ] [ DB ] INIT mysql
info
[ 2024-07-27T18:22:47+08:00 ][ info ] [ BEHAVIOR ] Run Closure @app_init [ RunTime:0.000109s ]
[ info ] [ LOG ] INIT File
info
[ 2024-07-27T18:22:47+08:00 ][ info ] [ CACHE ] INIT File
info
[ 2024-07-27T18:22:47+08:00 ][ info ] [ BEHAVIOR ] Run Closure @app_init [ RunTime:0.003078s ]
info
[ 2024-07-27T18:22:47+08:00 ][ info ] [ BEHAVIOR ] Run app\common\behavior\Common @app_init [ RunTime:0.001412s ]
info
[ 2024-07-27T18:22:47+08:00 ][ info ] [ DB ] INIT mysql
info
[ 2024-07-27T18:23:00+08:00 ][ info ] [ BEHAVIOR ] Run Closure @app_init [ RunTime:0.000115s ]
[ info ] [ LOG ] INIT File
info
[ 2024-07-27T18:23:00+08:00 ][ info ] [ CACHE ] INIT File
info
[ 2024-07-27T18:23:00+08:00 ][ info ] [ BEHAVIOR ] Run Closure @app_init [ RunTime:0.002234s ]
info
[ 2024-07-27T18:23:00+08:00 ][ info ] [ BEHAVIOR ] Run app\common\behavior\Common @app_init [ RunTime:0.000893s ]
info
[ 2024-07-27T18:23:00+08:00 ][ info ] [ DB ] INIT mysql
info
[ 2024-07-27T18:23:00+08:00 ][ info ] [ BEHAVIOR ] Run Closure @app_init [ RunTime:0.000110s ]
[ info ] [ LOG ] INIT File
info
[ 2024-07-27T18:23:00+08:00 ][ info ] [ CACHE ] INIT File
info
[ 2024-07-27T18:23:00+08:00 ][ info ] [ BEHAVIOR ] Run Closure @app_init [ RunTime:0.004516s ]
info
[ 2024-07-27T18:23:00+08:00 ][ info ] [ BEHAVIOR ] Run app\common\behavior\Common @app_init [ RunTime:0.001645s ]
info
[ 2024-07-27T18:23:00+08:00 ][ info ] [ DB ] INIT mysql
info
[ 2024-07-27T18:23:00+08:00 ][ info ] [ LANG ] D:\php\xp\phpstudy_pro\WWW\chigua.cc\application\admin\lang/zh-cn.php
info
[ 2024-07-27T19:04:54+08:00 ][ info ] [ BEHAVIOR ] Run Closure @app_init [ RunTime:0.000110s ]
[ info ] [ LOG ] INIT File
info
[ 2024-07-27T19:04:54+08:00 ][ info ] [ CACHE ] INIT File
info
[ 2024-07-27T19:04:54+08:00 ][ info ] [ BEHAVIOR ] Run Closure @app_init [ RunTime:0.002577s ]
info
[ 2024-07-27T19:04:54+08:00 ][ info ] [ BEHAVIOR ] Run app\common\behavior\Common @app_init [ RunTime:0.000941s ]
info
[ 2024-07-27T19:04:54+08:00 ][ info ] [ DB ] INIT mysql
info
[ 2024-07-27T19:05:04+08:00 ][ info ] [ BEHAVIOR ] Run Closure @app_init [ RunTime:0.000102s ]
[ info ] [ LOG ] INIT File
info
[ 2024-07-27T19:05:04+08:00 ][ info ] [ CACHE ] INIT File
info
[ 2024-07-27T19:05:04+08:00 ][ info ] [ BEHAVIOR ] Run Closure @app_init [ RunTime:0.002229s ]
info
[ 2024-07-27T19:05:04+08:00 ][ info ] [ BEHAVIOR ] Run app\common\behavior\Common @app_init [ RunTime:0.001053s ]
info
[ 2024-07-27T19:05:04+08:00 ][ info ] [ DB ] INIT mysql
info
[ 2024-07-27T19:05:04+08:00 ][ info ] [ BEHAVIOR ] Run Closure @app_init [ RunTime:0.000103s ]
[ info ] [ LOG ] INIT File
info
[ 2024-07-27T19:05:04+08:00 ][ info ] [ CACHE ] INIT File
info
[ 2024-07-27T19:05:04+08:00 ][ info ] [ BEHAVIOR ] Run Closure @app_init [ RunTime:0.001990s ]
info
[ 2024-07-27T19:05:04+08:00 ][ info ] [ BEHAVIOR ] Run app\common\behavior\Common @app_init [ RunTime:0.000765s ]
info
[ 2024-07-27T19:05:04+08:00 ][ info ] [ DB ] INIT mysql
info
[ 2024-07-27T19:05:04+08:00 ][ info ] [ LANG ] D:\php\xp\phpstudy_pro\WWW\chigua.cc\application\admin\lang/zh-cn.php
info
[ 2024-07-27T19:50:54+08:00 ][ info ] [ BEHAVIOR ] Run Closure @app_init [ RunTime:0.000110s ]
[ info ] [ LOG ] INIT File
info
[ 2024-07-27T19:50:54+08:00 ][ info ] [ CACHE ] INIT File
info
[ 2024-07-27T19:50:54+08:00 ][ info ] [ BEHAVIOR ] Run Closure @app_init [ RunTime:0.004222s ]
info
[ 2024-07-27T19:50:54+08:00 ][ info ] [ BEHAVIOR ] Run app\common\behavior\Common @app_init [ RunTime:0.001098s ]
info
[ 2024-07-27T19:50:56+08:00 ][ info ] [ DB ] INIT mysql
info
[ 2024-07-27T19:56:11+08:00 ][ info ] [ BEHAVIOR ] Run Closure @app_init [ RunTime:0.000110s ]
[ info ] [ LOG ] INIT File
info
[ 2024-07-27T19:56:11+08:00 ][ info ] [ CACHE ] INIT File
info
[ 2024-07-27T19:56:11+08:00 ][ info ] [ BEHAVIOR ] Run Closure @app_init [ RunTime:0.004556s ]
info
[ 2024-07-27T19:56:11+08:00 ][ info ] [ BEHAVIOR ] Run app\common\behavior\Common @app_init [ RunTime:0.001293s ]
info
[ 2024-07-27T19:56:11+08:00 ][ info ] [ DB ] INIT mysql
info
[ 2024-07-27T19:56:23+08:00 ][ info ] [ BEHAVIOR ] Run Closure @app_init [ RunTime:0.000117s ]
[ info ] [ LOG ] INIT File
info
[ 2024-07-27T19:56:23+08:00 ][ info ] [ CACHE ] INIT File
info
[ 2024-07-27T19:56:23+08:00 ][ info ] [ BEHAVIOR ] Run Closure @app_init [ RunTime:0.003489s ]
info
[ 2024-07-27T19:56:23+08:00 ][ info ] [ BEHAVIOR ] Run app\common\behavior\Common @app_init [ RunTime:0.000991s ]
info
[ 2024-07-27T19:56:23+08:00 ][ info ] [ DB ] INIT mysql
info
[ 2024-07-27T20:05:02+08:00 ][ info ] [ BEHAVIOR ] Run Closure @app_init [ RunTime:0.000114s ]
[ info ] [ LOG ] INIT File
info
[ 2024-07-27T20:05:02+08:00 ][ info ] [ CACHE ] INIT File
info
[ 2024-07-27T20:05:02+08:00 ][ info ] [ BEHAVIOR ] Run Closure @app_init [ RunTime:0.004717s ]
info
[ 2024-07-27T20:05:02+08:00 ][ info ] [ BEHAVIOR ] Run app\common\behavior\Common @app_init [ RunTime:0.001845s ]
info
[ 2024-07-27T20:05:02+08:00 ][ info ] [ DB ] INIT mysql
info
[ 2024-07-27T20:05:02+08:00 ][ info ] [ BEHAVIOR ] Run Closure @app_init [ RunTime:0.000114s ]
[ info ] [ LOG ] INIT File
info
[ 2024-07-27T20:05:02+08:00 ][ info ] [ CACHE ] INIT File
info
[ 2024-07-27T20:05:02+08:00 ][ info ] [ BEHAVIOR ] Run Closure @app_init [ RunTime:0.008022s ]
info
[ 2024-07-27T20:05:02+08:00 ][ info ] [ BEHAVIOR ] Run app\common\behavior\Common @app_init [ RunTime:0.001064s ]
info
[ 2024-07-27T20:05:02+08:00 ][ info ] [ DB ] INIT mysql
info
[ 2024-07-27T20:05:02+08:00 ][ info ] [ LANG ] D:\php\xp\phpstudy_pro\WWW\chigua.cc\application\admin\lang/zh-cn.php
info
